<?xml version="1.0" encoding="utf-8"?><testsuites name="pytest tests"><testsuite name="pytest" errors="0" failures="0" skipped="1" tests="11" time="2.168" timestamp="2026-08-06T07:28:45.734879+00:00" hostname="agent-env-72b32afb-e6ba-4566-8505-86b3514b0f9a"><testcase classname="tests.backend_test.TestFeePlanDiscountCRUD" name="test_backward_compat_get_plans" time="0.711" /><testcase classname="tests.backend_test.TestAuth" name="test_admin_login" time="0.717" /><testcase classname="tests.backend_test.TestFeePlanDiscountCRUD" name="test_create_plan_with_all_discount_types" time="0.355" /><testcase classname="tests.backend_test.TestAuth" name="test_parent_login" time="0.290" /><testcase classname="tests.backend_test.TestFeePlanDiscountCRUD" name="test_patch_plan_updates_discount_fields" time="0.061" /><testcase classname="tests.backend_test.TestFeePlanDiscountCRUD" name="test_validation_percent_over_100" time="0.056" /><testcase classname="tests.backend_test.TestFeePlanDiscountCRUD" name="test_validation_negative_value" time="0.060" /><testcase classname="tests.backend_test.TestFeePlanDiscountCRUD" name="test_validation_month_out_of_range" time="0.169" /><testcase classname="tests.backend_test.TestStudentFeeSchedule" name="test_fee_schedule_reflects_plan_discounts" time="0.502" /><testcase classname="tests.backend_test.TestStudentFeeSchedule" name="test_dues_reflects_plan_discount" time="0.066" /><testcase classname="tests.backend_test.TestParentPortal" name="test_parent_can_fetch_own_child_schedule" time="0.064"><skipped type="pytest.skip" message="Parent has no linked children">/app/backend/tests/backend_test.py:299: Parent has no linked children</skipped></testcase></testsuite></testsuites>