<?xml version="1.0" encoding="utf-8"?><testsuites name="pytest tests"><testsuite name="pytest" errors="0" failures="0" skipped="0" tests="11" time="1.886" timestamp="2026-08-06T08:42:46.299237+00:00" hostname="agent-env-72b32afb-e6ba-4566-8505-86b3514b0f9a"><testcase classname="tests.backend_test.TestFeePlanDiscountCRUD" name="test_backward_compat_get_plans" time="0.665" /><testcase classname="tests.backend_test.TestAuth" name="test_admin_login" time="0.664" /><testcase classname="tests.backend_test.TestFeePlanDiscountCRUD" name="test_create_plan_with_all_discount_types" time="0.322" /><testcase classname="tests.backend_test.TestAuth" name="test_parent_login" time="0.311" /><testcase classname="tests.backend_test.TestFeePlanDiscountCRUD" name="test_patch_plan_updates_discount_fields" time="0.049" /><testcase classname="tests.backend_test.TestFeePlanDiscountCRUD" name="test_validation_percent_over_100" time="0.044" /><testcase classname="tests.backend_test.TestFeePlanDiscountCRUD" name="test_validation_negative_value" time="0.043" /><testcase classname="tests.backend_test.TestFeePlanDiscountCRUD" name="test_validation_month_out_of_range" time="0.143" /><testcase classname="tests.backend_test.TestStudentFeeSchedule" name="test_fee_schedule_reflects_plan_discounts" time="0.393" /><testcase classname="tests.backend_test.TestStudentFeeSchedule" name="test_dues_reflects_plan_discount" time="0.049" /><testcase classname="tests.backend_test.TestParentPortal" name="test_parent_can_fetch_own_child_schedule" time="0.099" /></testsuite></testsuites>